<?xml version="1.0" encoding="UTF-8"?>
<testsuite xmlns:xsi="http://www.w3.org/2001/XMLSchema-instance" xsi:noNamespaceSchemaLocation="https://maven.apache.org/surefire/maven-surefire-plugin/xsd/surefire-test-report.xsd" version="3.0.2" name="br.com.tcf5_health_record_transformer.web.MappingRuleControllerTest" time="0.011" tests="3" errors="0" skipped="0" failures="0" flakes="0">
  <properties>
[...]
</properties>
  <testcase name="createShouldUpsertWhenExistsAndUpsertTrue" classname="br.com.tcf5_health_record_transformer.web.MappingRuleControllerTest" time="0.004"/>
  <testcase name="createShouldReturn409WhenExistsAndNoUpsert" classname="br.com.tcf5_health_record_transformer.web.MappingRuleControllerTest" time="0.003"/>
  <testcase name="createShouldPersistAndReturnLocation" classname="br.com.tcf5_health_record_transformer.web.MappingRuleControllerTest" time="0.002"/>
</testsuite>